{"contracts/MerkleMintController.sol":{"l":{"56":3,"57":3,"75":3,"80":3,"81":3,"82":3,"83":3,"85":3,"86":3,"87":3,"110":1,"114":1,"119":1,"120":1,"124":1,"133":1,"138":1,"139":1},"path":"/Users/dennison/Documents/MerkleMint/contracts/MerkleMintController.sol","s":{"1":3,"2":3,"3":3,"4":3,"5":3,"6":3,"7":3,"8":3,"9":3,"10":3,"11":1,"12":1,"13":1,"14":1,"15":1,"16":1,"17":1,"18":1},"b":{"1":[3,0],"2":[1,0],"3":[1,0],"4":[1,0]},"f":{"1":3,"2":3,"3":1,"4":1,"5":1},"fnMap":{"1":{"name":"initializeController","line":55,"loc":{"start":{"line":55,"column":4},"end":{"line":55,"column":73}}},"2":{"name":"addSerie","line":69,"loc":{"start":{"line":69,"column":4},"end":{"line":74,"column":24}}},"3":{"name":"mintAsset","line":101,"loc":{"start":{"line":101,"column":4},"end":{"line":109,"column":24}}},"4":{"name":"_findRoot","line":118,"loc":{"start":{"line":118,"column":4},"end":{"line":118,"column":68}}},"5":{"name":"addIpfsRefToSerie","line":132,"loc":{"start":{"line":132,"column":4},"end":{"line":132,"column":86}}}},"statementMap":{"1":{"start":{"line":56,"column":8},"end":{"line":56,"column":37}},"2":{"start":{"line":57,"column":8},"end":{"line":57,"column":21}},"3":{"start":{"line":75,"column":8},"end":{"line":75,"column":2980}},"4":{"start":{"line":80,"column":8},"end":{"line":80,"column":26}},"5":{"start":{"line":81,"column":8},"end":{"line":81,"column":37}},"6":{"start":{"line":82,"column":8},"end":{"line":82,"column":36}},"7":{"start":{"line":83,"column":8},"end":{"line":83,"column":35}},"8":{"start":{"line":85,"column":8},"end":{"line":85,"column":35}},"9":{"start":{"line":86,"column":8},"end":{"line":86,"column":52}},"10":{"start":{"line":87,"column":8},"end":{"line":87,"column":73}},"11":{"start":{"line":110,"column":8},"end":{"line":110,"column":4292}},"12":{"start":{"line":114,"column":8},"end":{"line":114,"column":63}},"13":{"start":{"line":119,"column":8},"end":{"line":119,"column":54}},"14":{"start":{"line":120,"column":8},"end":{"line":120,"column":4736}},"15":{"start":{"line":124,"column":8},"end":{"line":124,"column":25}},"16":{"start":{"line":133,"column":8},"end":{"line":133,"column":5195}},"17":{"start":{"line":138,"column":8},"end":{"line":138,"column":52}},"18":{"start":{"line":139,"column":8},"end":{"line":139,"column":51}}},"branchMap":{"1":{"line":75,"type":"if","locations":[{"start":{"line":75,"column":8},"end":{"line":75,"column":8}},{"start":{"line":75,"column":8},"end":{"line":75,"column":8}}]},"2":{"line":110,"type":"if","locations":[{"start":{"line":110,"column":8},"end":{"line":110,"column":8}},{"start":{"line":110,"column":8},"end":{"line":110,"column":8}}]},"3":{"line":120,"type":"if","locations":[{"start":{"line":120,"column":8},"end":{"line":120,"column":8}},{"start":{"line":120,"column":8},"end":{"line":120,"column":8}}]},"4":{"line":133,"type":"if","locations":[{"start":{"line":133,"column":8},"end":{"line":133,"column":8}},{"start":{"line":133,"column":8},"end":{"line":133,"column":8}}]}}},"contracts/MerkleMintCore.sol":{"l":{"30":3,"31":3,"32":3,"35":3,"36":3,"38":3,"39":3,"43":3,"44":3,"47":3,"48":3},"path":"/Users/dennison/Documents/MerkleMint/contracts/MerkleMintCore.sol","s":{"1":3,"2":3,"3":3,"4":3,"5":3,"6":3,"7":3,"8":3,"9":3,"10":3,"11":3},"b":{},"f":{"1":3},"fnMap":{"1":{"name":"initialize","line":29,"loc":{"start":{"line":29,"column":4},"end":{"line":29,"column":92}}}},"statementMap":{"1":{"start":{"line":30,"column":8},"end":{"line":30,"column":26}},"2":{"start":{"line":31,"column":8},"end":{"line":31,"column":36}},"3":{"start":{"line":32,"column":8},"end":{"line":32,"column":58}},"4":{"start":{"line":35,"column":8},"end":{"line":35,"column":55}},"5":{"start":{"line":36,"column":8},"end":{"line":36,"column":35}},"6":{"start":{"line":38,"column":8},"end":{"line":38,"column":47}},"7":{"start":{"line":39,"column":8},"end":{"line":39,"column":35}},"8":{"start":{"line":43,"column":8},"end":{"line":43,"column":1906}},"9":{"start":{"line":44,"column":12},"end":{"line":44,"column":33}},"10":{"start":{"line":47,"column":8},"end":{"line":47,"column":2008}},"11":{"start":{"line":48,"column":12},"end":{"line":48,"column":33}}},"branchMap":{}},"contracts/merkleProof/MerkleProof.sol":{"l":{"19":1,"21":1,"22":2,"24":2,"25":2,"27":0,"31":1},"path":"/Users/dennison/Documents/MerkleMint/contracts/merkleProof/MerkleProof.sol","s":{"1":1,"2":1,"3":2,"4":2,"5":2,"6":0,"7":1},"b":{"1":[2,0]},"f":{"1":1},"fnMap":{"1":{"name":"merkleVerify","line":13,"loc":{"start":{"line":13,"column":4},"end":{"line":18,"column":34}}}},"statementMap":{"1":{"start":{"line":19,"column":8},"end":{"line":19,"column":35}},"2":{"start":{"line":21,"column":8},"end":{"line":21,"column":689}},"3":{"start":{"line":22,"column":12},"end":{"line":22,"column":43}},"4":{"start":{"line":24,"column":12},"end":{"line":24,"column":796}},"5":{"start":{"line":25,"column":16},"end":{"line":25,"column":85}},"6":{"start":{"line":27,"column":16},"end":{"line":27,"column":85}},"7":{"start":{"line":31,"column":8},"end":{"line":31,"column":35}}},"branchMap":{"1":{"line":24,"type":"if","locations":[{"start":{"line":24,"column":12},"end":{"line":24,"column":12}},{"start":{"line":24,"column":12},"end":{"line":24,"column":12}}]}}},"contracts/merkleProof/Verify.sol":{"l":{"12":1,"13":1,"15":0},"path":"/Users/dennison/Documents/MerkleMint/contracts/merkleProof/Verify.sol","s":{"1":1,"2":1,"3":0},"b":{"1":[1,0]},"f":{"1":1},"fnMap":{"1":{"name":"isValidData","line":5,"loc":{"start":{"line":5,"column":4},"end":{"line":11,"column":34}}}},"statementMap":{"1":{"start":{"line":12,"column":8},"end":{"line":12,"column":308}},"2":{"start":{"line":13,"column":12},"end":{"line":13,"column":65}},"3":{"start":{"line":15,"column":12},"end":{"line":15,"column":24}}},"branchMap":{"1":{"line":12,"type":"if","locations":[{"start":{"line":12,"column":8},"end":{"line":12,"column":8}},{"start":{"line":12,"column":8},"end":{"line":12,"column":8}}]}}}}