{"contracts/MerkleMintController.sol":{"l":{"65":3,"66":3,"86":3,"91":3,"92":3,"93":3,"94":3,"95":3,"96":3,"98":3,"99":3,"100":3,"119":1,"124":1,"126":1,"127":1,"129":1,"138":1,"143":1,"144":1,"149":1,"150":1,"154":1},"path":"/Users/dennison/Documents/MerkleMint/contracts/MerkleMintController.sol","s":{"1":3,"2":3,"3":3,"4":3,"5":3,"6":3,"7":3,"8":3,"9":3,"10":3,"11":3,"12":3,"13":1,"14":1,"15":1,"16":1,"17":1,"18":1,"19":1,"20":1,"21":1,"22":1,"23":1},"b":{"1":[3,0],"2":[1,0],"3":[1,0],"4":[1,0]},"f":{"1":3,"2":3,"3":1,"4":1,"5":1},"fnMap":{"1":{"name":"initializeController","line":64,"loc":{"start":{"line":64,"column":4},"end":{"line":64,"column":73}}},"2":{"name":"addSerie","line":79,"loc":{"start":{"line":79,"column":4},"end":{"line":85,"column":24}}},"3":{"name":"mintAsset","line":112,"loc":{"start":{"line":112,"column":4},"end":{"line":118,"column":14}}},"4":{"name":"addIpfsRefToSerie","line":137,"loc":{"start":{"line":137,"column":4},"end":{"line":137,"column":86}}},"5":{"name":"_findRoot","line":148,"loc":{"start":{"line":148,"column":4},"end":{"line":148,"column":68}}}},"statementMap":{"1":{"start":{"line":65,"column":8},"end":{"line":65,"column":37}},"2":{"start":{"line":66,"column":8},"end":{"line":66,"column":21}},"3":{"start":{"line":86,"column":8},"end":{"line":86,"column":3921}},"4":{"start":{"line":91,"column":8},"end":{"line":91,"column":26}},"5":{"start":{"line":92,"column":8},"end":{"line":92,"column":37}},"6":{"start":{"line":93,"column":8},"end":{"line":93,"column":36}},"7":{"start":{"line":94,"column":8},"end":{"line":94,"column":35}},"8":{"start":{"line":95,"column":8},"end":{"line":95,"column":39}},"9":{"start":{"line":96,"column":8},"end":{"line":96,"column":27}},"10":{"start":{"line":98,"column":8},"end":{"line":98,"column":35}},"11":{"start":{"line":99,"column":8},"end":{"line":99,"column":52}},"12":{"start":{"line":100,"column":8},"end":{"line":100,"column":73}},"13":{"start":{"line":119,"column":8},"end":{"line":119,"column":5105}},"14":{"start":{"line":124,"column":8},"end":{"line":124,"column":54}},"15":{"start":{"line":126,"column":8},"end":{"line":126,"column":49}},"16":{"start":{"line":127,"column":8},"end":{"line":127,"column":53}},"17":{"start":{"line":129,"column":8},"end":{"line":129,"column":61}},"18":{"start":{"line":138,"column":8},"end":{"line":138,"column":5797}},"19":{"start":{"line":143,"column":8},"end":{"line":143,"column":52}},"20":{"start":{"line":144,"column":8},"end":{"line":144,"column":51}},"21":{"start":{"line":149,"column":8},"end":{"line":149,"column":54}},"22":{"start":{"line":150,"column":8},"end":{"line":150,"column":6286}},"23":{"start":{"line":154,"column":8},"end":{"line":154,"column":25}}},"branchMap":{"1":{"line":86,"type":"if","locations":[{"start":{"line":86,"column":8},"end":{"line":86,"column":8}},{"start":{"line":86,"column":8},"end":{"line":86,"column":8}}]},"2":{"line":119,"type":"if","locations":[{"start":{"line":119,"column":8},"end":{"line":119,"column":8}},{"start":{"line":119,"column":8},"end":{"line":119,"column":8}}]},"3":{"line":138,"type":"if","locations":[{"start":{"line":138,"column":8},"end":{"line":138,"column":8}},{"start":{"line":138,"column":8},"end":{"line":138,"column":8}}]},"4":{"line":150,"type":"if","locations":[{"start":{"line":150,"column":8},"end":{"line":150,"column":8}},{"start":{"line":150,"column":8},"end":{"line":150,"column":8}}]}}},"contracts/MerkleMintCore.sol":{"l":{"35":3,"36":3,"37":3,"40":3,"41":3,"43":3,"44":3,"48":3,"49":3,"52":3,"53":3},"path":"/Users/dennison/Documents/MerkleMint/contracts/MerkleMintCore.sol","s":{"1":3,"2":3,"3":3,"4":3,"5":3,"6":3,"7":3,"8":3,"9":3,"10":3,"11":3},"b":{},"f":{"1":3},"fnMap":{"1":{"name":"initialize","line":29,"loc":{"start":{"line":29,"column":4},"end":{"line":34,"column":26}}}},"statementMap":{"1":{"start":{"line":35,"column":8},"end":{"line":35,"column":26}},"2":{"start":{"line":36,"column":8},"end":{"line":36,"column":36}},"3":{"start":{"line":37,"column":8},"end":{"line":37,"column":56}},"4":{"start":{"line":40,"column":8},"end":{"line":40,"column":55}},"5":{"start":{"line":41,"column":8},"end":{"line":41,"column":35}},"6":{"start":{"line":43,"column":8},"end":{"line":43,"column":47}},"7":{"start":{"line":44,"column":8},"end":{"line":44,"column":35}},"8":{"start":{"line":48,"column":8},"end":{"line":48,"column":1994}},"9":{"start":{"line":49,"column":12},"end":{"line":49,"column":33}},"10":{"start":{"line":52,"column":8},"end":{"line":52,"column":2096}},"11":{"start":{"line":53,"column":12},"end":{"line":53,"column":33}}},"branchMap":{}},"contracts/merkleProof/Verify.sol":{"l":{"11":1,"12":1,"14":0},"path":"/Users/dennison/Documents/MerkleMint/contracts/merkleProof/Verify.sol","s":{"1":1,"2":1,"3":0},"b":{"1":[1,0]},"f":{"1":1},"fnMap":{"1":{"name":"isValidData","line":6,"loc":{"start":{"line":6,"column":2},"end":{"line":10,"column":3}}}},"statementMap":{"1":{"start":{"line":11,"column":4},"end":{"line":11,"column":286}},"2":{"start":{"line":12,"column":6},"end":{"line":12,"column":53}},"3":{"start":{"line":14,"column":6},"end":{"line":14,"column":18}}},"branchMap":{"1":{"line":11,"type":"if","locations":[{"start":{"line":11,"column":4},"end":{"line":11,"column":4}},{"start":{"line":11,"column":4},"end":{"line":11,"column":4}}]}}}}